<?xml version="1.0" encoding="UTF-8"?>
<coverage generated="1677784764720" clover="3.2.0">
  <project timestamp="1677784764722" name="All files">
    <metrics statements="85" coveredstatements="53" conditionals="14" coveredconditionals="7" methods="24" coveredmethods="13" elements="123" coveredelements="73" complexity="0" loc="85" ncloc="85" packages="1" files="2" classes="2"/>
    <file name="check.js" path="C:\Users\User1\Documents\TEST\To-do-list-project\src\check.js">
      <metrics statements="12" coveredstatements="2" conditionals="2" coveredconditionals="0" methods="5" coveredmethods="0"/>
      <line num="3" count="1" type="stmt"/>
      <line num="4" count="0" type="stmt"/>
      <line num="5" count="0" type="stmt"/>
      <line num="6" count="0" type="stmt"/>
      <line num="9" count="1" type="stmt"/>
      <line num="10" count="0" type="stmt"/>
      <line num="11" count="0" type="cond" truecount="0" falsecount="2"/>
      <line num="12" count="0" type="stmt"/>
      <line num="14" count="0" type="stmt"/>
      <line num="16" count="0" type="stmt"/>
      <line num="17" count="0" type="stmt"/>
      <line num="19" count="0" type="stmt"/>
    </file>
    <file name="todo.js" path="C:\Users\User1\Documents\TEST\To-do-list-project\src\todo.js">
      <metrics statements="73" coveredstatements="51" conditionals="12" coveredconditionals="7" methods="19" coveredmethods="13"/>
      <line num="4" count="1" type="stmt"/>
      <line num="5" count="1" type="stmt"/>
      <line num="8" count="1" type="stmt"/>
      <line num="10" count="14" type="cond" truecount="2" falsecount="0"/>
      <line num="11" count="2" type="stmt"/>
      <line num="13" count="12" type="stmt"/>
      <line num="15" count="14" type="stmt"/>
      <line num="18" count="1" type="stmt"/>
      <line num="19" count="7" type="stmt"/>
      <line num="20" count="7" type="stmt"/>
      <line num="21" count="5" type="stmt"/>
      <line num="22" count="0" type="stmt"/>
      <line num="23" count="0" type="stmt"/>
      <line num="28" count="1" type="stmt"/>
      <line num="29" count="7" type="stmt"/>
      <line num="30" count="7" type="stmt"/>
      <line num="31" count="7" type="stmt"/>
      <line num="32" count="5" type="stmt"/>
      <line num="33" count="5" type="stmt"/>
      <line num="34" count="0" type="stmt"/>
      <line num="35" count="0" type="cond" truecount="0" falsecount="2"/>
      <line num="36" count="0" type="stmt"/>
      <line num="38" count="0" type="stmt"/>
      <line num="40" count="0" type="stmt"/>
      <line num="45" count="1" type="stmt"/>
      <line num="46" count="5" type="stmt"/>
      <line num="47" count="5" type="stmt"/>
      <line num="48" count="5" type="stmt"/>
      <line num="49" count="3" type="cond" truecount="2" falsecount="0"/>
      <line num="50" count="2" type="stmt"/>
      <line num="53" count="5" type="stmt"/>
      <line num="54" count="5" type="stmt"/>
      <line num="57" count="1" type="stmt"/>
      <line num="58" count="7" type="stmt"/>
      <line num="59" count="7" type="stmt"/>
      <line num="60" count="7" type="stmt"/>
      <line num="61" count="5" type="cond" truecount="1" falsecount="1"/>
      <line num="62" count="5" type="stmt"/>
      <line num="81" count="7" type="stmt"/>
      <line num="82" count="7" type="stmt"/>
      <line num="83" count="7" type="stmt"/>
      <line num="84" count="7" type="stmt"/>
      <line num="87" count="1" type="stmt"/>
      <line num="88" count="2" type="stmt"/>
      <line num="89" count="2" type="cond" truecount="1" falsecount="1"/>
      <line num="90" count="2" type="stmt"/>
      <line num="91" count="2" type="stmt"/>
      <line num="92" count="2" type="stmt"/>
      <line num="94" count="2" type="cond" truecount="1" falsecount="1"/>
      <line num="95" count="0" type="stmt"/>
      <line num="96" count="0" type="stmt"/>
      <line num="97" count="0" type="stmt"/>
      <line num="98" count="0" type="stmt"/>
      <line num="99" count="0" type="stmt"/>
      <line num="100" count="0" type="stmt"/>
      <line num="101" count="0" type="stmt"/>
      <line num="102" count="0" type="stmt"/>
      <line num="104" count="2" type="stmt"/>
      <line num="105" count="2" type="stmt"/>
      <line num="106" count="2" type="stmt"/>
      <line num="107" count="2" type="stmt"/>
      <line num="111" count="1" type="stmt"/>
      <line num="112" count="0" type="stmt"/>
      <line num="113" count="0" type="stmt"/>
      <line num="114" count="0" type="stmt"/>
      <line num="115" count="0" type="stmt"/>
      <line num="116" count="0" type="stmt"/>
      <line num="119" count="1" type="stmt"/>
      <line num="120" count="7" type="stmt"/>
      <line num="121" count="7" type="stmt"/>
      <line num="122" count="5" type="stmt"/>
      <line num="123" count="0" type="stmt"/>
      <line num="124" count="0" type="stmt"/>
    </file>
  </project>
</coverage>
